# JRE version: OpenJDK Runtime Environment (17.0.6) (build 17.0.6+0-b2043.56-10027231)
# Java VM: OpenJDK 64-Bit Server VM (17.0.6+0-b2043.56-10027231, mixed mode, tiered, compressed oops, compressed class ptrs, g1 gc, windows-amd64)
GC Precious Log:
 CPUs: 12 total, 12 available
 Memory: 5996M
 Large Page Support: Disabled
 NUMA Support: Disabled
 Compressed Oops: Enabled (32-bit)
 Heap Region Size: 1M
 Heap Min Capacity: 8M
 Heap Initial Capacity: 94M
 Heap Max Capacity: 2G
 Pre-touch: Disabled
 Parallel Workers: 10
 Concurrent Workers: 3
 Concurrent Refinement Workers: 10
 Periodic GC: Disabled
Heap:
 garbage-first heap   total 262144K, used 137026K [0x0000000080000000, 0x0000000100000000)
  region size 1024K, 45 young (46080K), 7 survivors (7168K)
 Metaspace       used 108710K, committed 109440K, reserved 1146880K
  class space    used 14329K, committed 14720K, reserved 1048576K
GC Heap History (20 events):
Event: 5.192 GC heap before
{Heap before GC invocations=18 (full 0):
 garbage-first heap   total 103424K, used 57894K [0x0000000080000000, 0x0000000100000000)
  region size 1024K, 4 young (4096K), 1 survivors (1024K)
 Metaspace       used 64980K, committed 65536K, reserved 1105920K
  class space    used 8583K, committed 8832K, reserved 1048576K
}
Event: 5.194 GC heap after
{Heap after GC invocations=19 (full 0):
 garbage-first heap   total 103424K, used 56878K [0x0000000080000000, 0x0000000100000000)
  region size 1024K, 3 young (3072K), 3 survivors (3072K)
 Metaspace       used 64980K, committed 65536K, reserved 1105920K
  class space    used 8583K, committed 8832K, reserved 1048576K
}
Event: 5.342 GC heap before
{Heap before GC invocations=20 (full 0):
 garbage-first heap   total 106496K, used 76334K [0x0000000080000000, 0x0000000100000000)
  region size 1024K, 20 young (20480K), 3 survivors (3072K)
 Metaspace       used 66597K, committed 67136K, reserved 1114112K
  class space    used 8797K, committed 9024K, reserved 1048576K
}
Event: 5.343 GC heap after
{Heap after GC invocations=21 (full 0):
 garbage-first heap   total 106496K, used 57769K [0x0000000080000000, 0x0000000100000000)
  region size 1024K, 2 young (2048K), 2 survivors (2048K)
 Metaspace       used 66597K, committed 67136K, reserved 1114112K
  class space    used 8797K, committed 9024K, reserved 1048576K
}
Event: 5.365 GC heap before
{Heap before GC invocations=21 (full 0):
 garbage-first heap   total 106496K, used 60841K [0x0000000080000000, 0x0000000100000000)
  region size 1024K, 5 young (5120K), 2 survivors (2048K)
 Metaspace       used 66830K, committed 67328K, reserved 1114112K
  class space    used 8831K, committed 9024K, reserved 1048576K
}
Event: 5.369 GC heap after
{Heap after GC invocations=22 (full 0):
 garbage-first heap   total 262144K, used 57630K [0x0000000080000000, 0x0000000100000000)
  region size 1024K, 1 young (1024K), 1 survivors (1024K)
 Metaspace       used 66830K, committed 67328K, reserved 1114112K
  class space    used 8831K, committed 9024K, reserved 1048576K
}
Event: 6.267 GC heap before
{Heap before GC invocations=22 (full 0):
 garbage-first heap   total 262144K, used 154910K [0x0000000080000000, 0x0000000100000000)
  region size 1024K, 96 young (98304K), 1 survivors (1024K)
 Metaspace       used 77507K, committed 78080K, reserved 1122304K
  class space    used 10355K, committed 10624K, reserved 1048576K
}
Event: 6.273 GC heap after
{Heap after GC invocations=23 (full 0):
 garbage-first heap   total 262144K, used 62543K [0x0000000080000000, 0x0000000100000000)
  region size 1024K, 6 young (6144K), 6 survivors (6144K)
 Metaspace       used 77507K, committed 78080K, reserved 1122304K
  class space    used 10355K, committed 10624K, reserved 1048576K
}
Event: 7.484 GC heap before
{Heap before GC invocations=23 (full 0):
 garbage-first heap   total 262144K, used 188495K [0x0000000080000000, 0x0000000100000000)
  region size 1024K, 129 young (132096K), 6 survivors (6144K)
 Metaspace       used 89398K, committed 90112K, reserved 1130496K
  class space    used 12144K, committed 12480K, reserved 1048576K
}
Event: 7.498 GC heap after
{Heap after GC invocations=24 (full 0):
 garbage-first heap   total 262144K, used 74098K [0x0000000080000000, 0x0000000100000000)
  region size 1024K, 17 young (17408K), 17 survivors (17408K)
 Metaspace       used 89398K, committed 90112K, reserved 1130496K
  class space    used 12144K, committed 12480K, reserved 1048576K
}
Event: 8.258 GC heap before
{Heap before GC invocations=24 (full 0):
 garbage-first heap   total 262144K, used 192882K [0x0000000080000000, 0x0000000100000000)
  region size 1024K, 133 young (136192K), 17 survivors (17408K)
 Metaspace       used 93641K, committed 94336K, reserved 1138688K
  class space    used 12724K, committed 13056K, reserved 1048576K
}
Event: 8.300 GC heap after
{Heap after GC invocations=25 (full 0):
 garbage-first heap   total 262144K, used 87194K [0x0000000080000000, 0x0000000100000000)
  region size 1024K, 13 young (13312K), 13 survivors (13312K)
 Metaspace       used 93641K, committed 94336K, reserved 1138688K
  class space    used 12724K, committed 13056K, reserved 1048576K
}
Event: 9.112 GC heap before
{Heap before GC invocations=25 (full 0):
 garbage-first heap   total 262144K, used 226458K [0x0000000080000000, 0x0000000100000000)
  region size 1024K, 120 young (122880K), 13 survivors (13312K)
 Metaspace       used 99453K, committed 100160K, reserved 1138688K
  class space    used 13426K, committed 13760K, reserved 1048576K
}
Event: 9.126 GC heap after
{Heap after GC invocations=26 (full 0):
 garbage-first heap   total 262144K, used 91332K [0x0000000080000000, 0x0000000100000000)
  region size 1024K, 4 young (4096K), 4 survivors (4096K)
 Metaspace       used 99453K, committed 100160K, reserved 1138688K
  class space    used 13426K, committed 13760K, reserved 1048576K
}
Event: 10.627 GC heap before
{Heap before GC invocations=26 (full 0):
 garbage-first heap   total 262144K, used 203972K [0x0000000080000000, 0x0000000100000000)
  region size 1024K, 115 young (117760K), 4 survivors (4096K)
 Metaspace       used 101128K, committed 101824K, reserved 1138688K
  class space    used 13589K, committed 13952K, reserved 1048576K
}
Event: 10.638 GC heap after
{Heap after GC invocations=27 (full 0):
 garbage-first heap   total 262144K, used 101717K [0x0000000080000000, 0x0000000100000000)
  region size 1024K, 15 young (15360K), 15 survivors (15360K)
 Metaspace       used 101128K, committed 101824K, reserved 1138688K
  class space    used 13589K, committed 13952K, reserved 1048576K
}
Event: 347.008 GC heap before
{Heap before GC invocations=27 (full 0):
 garbage-first heap   total 262144K, used 220501K [0x0000000080000000, 0x0000000100000000)
  region size 1024K, 116 young (118784K), 15 survivors (15360K)
 Metaspace       used 108232K, committed 109056K, reserved 1146880K
  class space    used 14302K, committed 14720K, reserved 1048576K
}
Event: 347.074 GC heap after
{Heap after GC invocations=28 (full 0):
 garbage-first heap   total 262144K, used 102210K [0x0000000080000000, 0x0000000100000000)
  region size 1024K, 5 young (5120K), 5 survivors (5120K)
 Metaspace       used 108232K, committed 109056K, reserved 1146880K
  class space    used 14302K, committed 14720K, reserved 1048576K
}
Event: 347.438 GC heap before
{Heap before GC invocations=28 (full 0):
 garbage-first heap   total 262144K, used 124738K [0x0000000080000000, 0x0000000100000000)
  region size 1024K, 28 young (28672K), 5 survivors (5120K)
 Metaspace       used 108460K, committed 109248K, reserved 1146880K
  class space    used 14312K, committed 14720K, reserved 1048576K
}
Event: 347.446 GC heap after
{Heap after GC invocations=29 (full 0):
 garbage-first heap   total 262144K, used 104258K [0x0000000080000000, 0x0000000100000000)
  region size 1024K, 7 young (7168K), 7 survivors (7168K)
 Metaspace       used 108460K, committed 109248K, reserved 1146880K
  class space    used 14312K, committed 14720K, reserved 1048576K
}

